[debug] [2025-07-07T02:59:21.325Z] ----------------------------------------------------------------------
[debug] [2025-07-07T02:59:21.358Z] Command:       C:\Program Files\nodejs\node.exe C:\Users\Paulinho\AppData\Roaming\npm\node_modules\firebase-tools\lib\bin\firebase.js init hosting
[debug] [2025-07-07T02:59:21.359Z] CLI Version:   14.7.0
[debug] [2025-07-07T02:59:21.359Z] Platform:      win32
[debug] [2025-07-07T02:59:21.359Z] Node Version:  v22.16.0
[debug] [2025-07-07T02:59:21.359Z] Time:          Sun Jul 06 2025 23:59:21 GMT-0300 (Horário Padrão de Brasília)
[debug] [2025-07-07T02:59:21.360Z] ----------------------------------------------------------------------
[debug] 
[debug] [2025-07-07T02:59:21.744Z] > command requires scopes: ["email","openid","https://www.googleapis.com/auth/cloudplatformprojects.readonly","https://www.googleapis.com/auth/firebase","https://www.googleapis.com/auth/cloud-platform"]
[debug] [2025-07-07T02:59:21.746Z] > authorizing via signed-in user (paulo1714silva@gmail.com)
[info] 
     ######## #### ########  ######## ########     ###     ######  ########
     ##        ##  ##     ## ##       ##     ##  ##   ##  ##       ##
     ######    ##  ########  ######   ########  #########  ######  ######
     ##        ##  ##    ##  ##       ##     ## ##     ##       ## ##
     ##       #### ##     ## ######## ########  ##     ##  ######  ########

You're about to initialize a Firebase project in this directory:

  C:\Users\Paulinho\Downloads\obralimpa\obra.limpa

Before we get started, keep in mind:

  * You are initializing within an existing Firebase project directory

[info] 
=== Project Setup
[info] 
[info] First, let's associate this project directory with a Firebase project.
[info] You can create multiple project aliases by running firebase use --add, 
[info] but for now we'll just set up a default project.
[info] 
[debug] [2025-07-07T02:59:30.935Z] Using project from CLI flag: bralimpa2
[debug] [2025-07-07T02:59:30.937Z] Checked if tokens are valid: false, expires at: 1751840035905
[debug] [2025-07-07T02:59:30.937Z] Checked if tokens are valid: false, expires at: 1751840035905
[debug] [2025-07-07T02:59:30.937Z] > refreshing access token with scopes: []
[debug] [2025-07-07T02:59:30.940Z] >>> [apiv2][query] POST https://www.googleapis.com/oauth2/v3/token [none]
[debug] [2025-07-07T02:59:30.940Z] >>> [apiv2][body] POST https://www.googleapis.com/oauth2/v3/token [omitted]
[debug] [2025-07-07T02:59:31.355Z] <<< [apiv2][status] POST https://www.googleapis.com/oauth2/v3/token 200
[debug] [2025-07-07T02:59:31.355Z] <<< [apiv2][body] POST https://www.googleapis.com/oauth2/v3/token [omitted]
[debug] [2025-07-07T02:59:31.365Z] >>> [apiv2][query] GET https://firebase.googleapis.com/v1beta1/projects/bralimpa2 [none]
[debug] [2025-07-07T02:59:31.801Z] <<< [apiv2][status] GET https://firebase.googleapis.com/v1beta1/projects/bralimpa2 200
[debug] [2025-07-07T02:59:31.802Z] <<< [apiv2][body] GET https://firebase.googleapis.com/v1beta1/projects/bralimpa2 {"projectId":"bralimpa2","projectNumber":"127747660506","displayName":"0bralimpa2","name":"projects/bralimpa2","resources":{"hostingSite":"bralimpa2"},"state":"ACTIVE","etag":"1_5dbad230-a99e-4f87-844d-e7caac61e8d7"}
[info] i  Using project bralimpa2 (0bralimpa2) 
[info] 
=== Hosting Setup
[debug] [2025-07-07T02:59:31.807Z] Checked if tokens are valid: true, expires at: 1751860770355
[debug] [2025-07-07T02:59:31.807Z] Checked if tokens are valid: true, expires at: 1751860770355
[debug] [2025-07-07T02:59:31.807Z] >>> [apiv2][query] GET https://firebase.googleapis.com/v1beta1/projects/bralimpa2 [none]
[debug] [2025-07-07T02:59:32.120Z] <<< [apiv2][status] GET https://firebase.googleapis.com/v1beta1/projects/bralimpa2 200
[debug] [2025-07-07T02:59:32.120Z] <<< [apiv2][body] GET https://firebase.googleapis.com/v1beta1/projects/bralimpa2 {"projectId":"bralimpa2","projectNumber":"127747660506","displayName":"0bralimpa2","name":"projects/bralimpa2","resources":{"hostingSite":"bralimpa2"},"state":"ACTIVE","etag":"1_5dbad230-a99e-4f87-844d-e7caac61e8d7"}
[info] 
[info] Your public directory is the folder (relative to your project directory) that
[info] will contain Hosting assets to be uploaded with firebase deploy. If you
[info] have a build process for your assets, use your build's output directory.
[info] 
[debug] [2025-07-07T03:01:34.387Z] >>> [apiv2][query] GET https://www.gstatic.com/firebasejs/releases.json [none]
[debug] [2025-07-07T03:01:34.714Z] <<< [apiv2][status] GET https://www.gstatic.com/firebasejs/releases.json 200
[debug] [2025-07-07T03:01:34.715Z] <<< [apiv2][body] GET https://www.gstatic.com/firebasejs/releases.json {"current":{"version":"11.10.0","browserURL":"https://www.gstatic.com/firebasejs/11.10.0/firebase.js","packageURL":"https://www.gstatic.com/firebasejs/11.10.0/firebase.tgz"},"live":{"version":"11.10","browserURL":"https://www.gstatic.com/firebasejs/live/11.10/firebase.js","packageURL":"https://www.gstatic.com/firebasejs/live/11.10/firebase.tgz"},"components":{"ai":"https://www.gstatic.com/firebasejs/11.10.0/firebase-ai.js","analytics":"https://www.gstatic.com/firebasejs/11.10.0/firebase-analytics.js","app":"https://www.gstatic.com/firebasejs/11.10.0/firebase-app.js","app-check":"https://www.gstatic.com/firebasejs/11.10.0/firebase-app-check.js","auth":"https://www.gstatic.com/firebasejs/11.10.0/firebase-auth.js","auth/cordova":"https://www.gstatic.com/firebasejs/11.10.0/firebase-auth/cordova.js","auth/web-extension":"https://www.gstatic.com/firebasejs/11.10.0/firebase-auth/web-extension.js","functions":"https://www.gstatic.com/firebasejs/11.10.0/firebase-functions.js","firestore":"https://www.gstatic.com/firebasejs/11.10.0/firebase-firestore.js","firestore/lite":"https://www.gstatic.com/firebasejs/11.10.0/firebase-firestore/lite.js","installations":"https://www.gstatic.com/firebasejs/11.10.0/firebase-installations.js","storage":"https://www.gstatic.com/firebasejs/11.10.0/firebase-storage.js","performance":"https://www.gstatic.com/firebasejs/11.10.0/firebase-performance.js","remote-config":"https://www.gstatic.com/firebasejs/11.10.0/firebase-remote-config.js","messaging":"https://www.gstatic.com/firebasejs/11.10.0/firebase-messaging.js","messaging/sw":"https://www.gstatic.com/firebasejs/11.10.0/firebase-messaging/sw.js","database":"https://www.gstatic.com/firebasejs/11.10.0/firebase-database.js","vertexai":"https://www.gstatic.com/firebasejs/11.10.0/firebase-vertexai.js","data-connect":"https://www.gstatic.com/firebasejs/11.10.0/firebase-data-connect.js","firestore.memory":"https://www.gstatic.com/firebasejs/11.10.0/firebase-firestore.memory.js"}}
[info] +  Wrote y/index.html 
[info] 
[info] i  Detected a .git folder at C:\Users\Paulinho\Downloads\obralimpa\obra.limpa 
[info] i  Authorizing with GitHub to upload your service account to a GitHub repository's secrets store. 
[info] 
[info] Visit this URL on this device to log in:
[info] https://github.com/login/oauth/authorize?client_id=89cf50f02ac6aaed3484&state=886986124&redirect_uri=http%3A%2F%2Flocalhost%3A9005&scope=read%3Auser%20repo%20public_repo
[info] 
[info] Waiting for authentication...
[debug] [2025-07-07T03:04:07.085Z] >>> [apiv2][query] POST https://github.com/login/oauth/access_token [none]
[debug] [2025-07-07T03:04:07.100Z] >>> [apiv2][body] POST https://github.com/login/oauth/access_token [stream]
[debug] [2025-07-07T03:04:07.604Z] <<< [apiv2][status] POST https://github.com/login/oauth/access_token 200
[debug] [2025-07-07T03:04:07.605Z] <<< [apiv2][body] POST https://github.com/login/oauth/access_token {"access_token":"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","token_type":"bearer","scope":"read:user,repo"}
[debug] [2025-07-07T03:04:07.657Z] >>> [apiv2][query] GET https://api.github.com/user [none]
[debug] [2025-07-07T03:04:08.288Z] <<< [apiv2][status] GET https://api.github.com/user 200
[debug] [2025-07-07T03:04:08.288Z] <<< [apiv2][body] GET https://api.github.com/user {"login":"PauloSilva1714","id":137667287,"node_id":"U_kgDOCDSi1w","avatar_url":"https://avatars.githubusercontent.com/u/137667287?v=4","gravatar_id":"","url":"https://api.github.com/users/PauloSilva1714","html_url":"https://github.com/PauloSilva1714","followers_url":"https://api.github.com/users/PauloSilva1714/followers","following_url":"https://api.github.com/users/PauloSilva1714/following{/other_user}","gists_url":"https://api.github.com/users/PauloSilva1714/gists{/gist_id}","starred_url":"https://api.github.com/users/PauloSilva1714/starred{/owner}{/repo}","subscriptions_url":"https://api.github.com/users/PauloSilva1714/subscriptions","organizations_url":"https://api.github.com/users/PauloSilva1714/orgs","repos_url":"https://api.github.com/users/PauloSilva1714/repos","events_url":"https://api.github.com/users/PauloSilva1714/events{/privacy}","received_events_url":"https://api.github.com/users/PauloSilva1714/received_events","type":"User","user_view_type":"private","site_admin":false,"name":null,"company":null,"blog":"","location":null,"email":null,"hireable":null,"bio":null,"twitter_username":null,"notification_email":null,"public_repos":8,"public_gists":0,"followers":0,"following":0,"created_at":"2023-06-25T03:15:32Z","updated_at":"2025-07-07T03:03:55Z","private_gists":1,"total_private_repos":3,"owned_private_repos":3,"disk_usage":36682,"collaborators":0,"two_factor_authentication":false,"plan":{"name":"free","space":976562499,"collaborators":0,"private_repos":10000}}
[info] 
[info] +  Success! Logged into GitHub as PauloSilva1714 
[info] 
[debug] [2025-07-07T03:05:12.900Z] >>> [apiv2][query] GET https://api.github.com/repos/obralimpa/actions/secrets/public-key type=owner
[debug] [2025-07-07T03:05:13.243Z] <<< [apiv2][status] GET https://api.github.com/repos/obralimpa/actions/secrets/public-key 404
[debug] [2025-07-07T03:05:13.244Z] <<< [apiv2][body] GET https://api.github.com/repos/obralimpa/actions/secrets/public-key {"message":"Not Found","documentation_url":"https://docs.github.com/rest","status":"404"}
[info] 
[info] 
[error] !  The provided authorization cannot be used with this repository. If this repository is in an organization, did you remember to grant access? 
[info] 
[info] i  Action required: Visit this URL to ensure access has been granted to the appropriate organization(s) for the Firebase CLI GitHub OAuth App: 
[info] https://github.com/settings/connections/applications/89cf50f02ac6aaed3484
[info] 
[debug] [2025-07-07T03:06:10.535Z] >>> [apiv2][query] GET https://api.github.com/repos//actions/secrets/public-key type=owner
[debug] [2025-07-07T03:06:11.087Z] <<< [apiv2][status] GET https://api.github.com/repos//actions/secrets/public-key 404
[debug] [2025-07-07T03:06:11.088Z] <<< [apiv2][body] GET https://api.github.com/repos//actions/secrets/public-key {"message":"Not Found","documentation_url":"https://docs.github.com/rest","status":"404"}
[info] 
[info] 
[error] !  The provided authorization cannot be used with this repository. If this repository is in an organization, did you remember to grant access? 
[info] 
[info] i  Action required: Visit this URL to ensure access has been granted to the appropriate organization(s) for the Firebase CLI GitHub OAuth App: 
[info] https://github.com/settings/connections/applications/89cf50f02ac6aaed3484
[info] 
[debug] [2025-07-07T03:06:45.767Z] >>> [apiv2][query] GET https://api.github.com/repos/bralimpa/actions/secrets/public-key type=owner
[debug] [2025-07-07T03:06:46.063Z] <<< [apiv2][status] GET https://api.github.com/repos/bralimpa/actions/secrets/public-key 404
[debug] [2025-07-07T03:06:46.063Z] <<< [apiv2][body] GET https://api.github.com/repos/bralimpa/actions/secrets/public-key {"message":"Not Found","documentation_url":"https://docs.github.com/rest","status":"404"}
[info] 
[info] 
[error] !  The provided authorization cannot be used with this repository. If this repository is in an organization, did you remember to grant access? 
[info] 
[info] i  Action required: Visit this URL to ensure access has been granted to the appropriate organization(s) for the Firebase CLI GitHub OAuth App: 
[info] https://github.com/settings/connections/applications/89cf50f02ac6aaed3484
[info] 
[debug] [2025-07-07T03:11:31.373Z] >>> [apiv2][query] GET https://api.github.com/repos/obralimpa/actions/secrets/public-key type=owner
[debug] [2025-07-07T03:11:31.758Z] <<< [apiv2][status] GET https://api.github.com/repos/obralimpa/actions/secrets/public-key 404
[debug] [2025-07-07T03:11:31.758Z] <<< [apiv2][body] GET https://api.github.com/repos/obralimpa/actions/secrets/public-key {"message":"Not Found","documentation_url":"https://docs.github.com/rest","status":"404"}
[info] 
[info] 
[error] !  The provided authorization cannot be used with this repository. If this repository is in an organization, did you remember to grant access? 
[info] 
[info] i  Action required: Visit this URL to ensure access has been granted to the appropriate organization(s) for the Firebase CLI GitHub OAuth App: 
[info] https://github.com/settings/connections/applications/89cf50f02ac6aaed3484
[info] 
